2020-12-08 00:07:53.2742 INFO Editing Project
2020-12-08 00:07:56.3901 INFO Editing Project
2020-12-08 00:08:07.6577 INFO Udating Project Info
2020-12-08 00:08:13.1805 INFO Editing Project
2020-12-08 00:08:15.4405 INFO Editing Project
2020-12-08 00:08:21.4951 INFO Editing Project
2020-12-08 22:11:00.4985 INFO Creating Project
2020-12-08 22:19:03.0138 INFO Creating Project
2020-12-08 22:19:04.9123 ERROR Error - getting views for new project
2020-12-08 22:22:10.2133 INFO Creating Project
2020-12-08 22:22:11.7982 ERROR Error - getting views for new project
2020-12-08 22:23:25.7636 INFO Creating Project
2020-12-08 22:23:27.2659 ERROR Error - getting views for new project
2020-12-08 22:40:22.8702 INFO Creating Project
2020-12-08 22:40:27.4026 INFO Editing Project
2020-12-08 22:40:30.9154 INFO Editing Project
2020-12-08 22:40:40.1787 INFO Udating Project Info
2020-12-08 22:40:40.4653 INFO successfully updated project infoVendor File Management
2020-12-08 22:45:09.7908 INFO Editing Project
2020-12-08 22:45:14.9909 INFO Editing Project
2020-12-08 22:45:23.8293 INFO Udating Project Info
2020-12-08 22:45:24.0092 INFO successfully updated project info p123
2020-12-08 23:19:18.7586 INFO Editing Project
2020-12-08 23:19:20.8021 INFO Editing Project
2020-12-08 23:19:23.6266 INFO Getting Gate Details
2020-12-08 23:19:23.7832 INFO gate info sucessfully retrieved
2020-12-08 23:54:25.5096 INFO Editing Project
2020-12-08 23:54:28.0867 INFO Editing Project
2020-12-08 23:54:30.8766 INFO Getting Gate Details
2020-12-08 23:54:30.9750 INFO gate info sucessfully retrieved
2020-12-08 23:54:41.1406 INFO Updating Gate Info ..42
2020-12-08 23:54:41.3218 INFO gate info updated successfully..42
2020-12-08 23:54:41.3218 INFO Updated gate info successfully..42
2020-12-08 23:54:41.3377 INFO Editing Project
2020-12-08 23:54:48.1565 INFO Editing Project
2020-12-08 23:54:50.4658 INFO Getting Gate Details
2020-12-08 23:54:50.4658 INFO gate info sucessfully retrieved
2020-12-08 23:56:35.9548 INFO Editing Project
2020-12-08 23:56:38.6035 INFO Editing Project
2020-12-08 23:56:41.0809 INFO Getting Gate Details
2020-12-08 23:56:41.0890 INFO gate info sucessfully retrieved
2020-12-08 23:56:48.1827 INFO Updating Gate Info ..42
2020-12-08 23:56:48.1827 INFO gate info updated successfully..42
2020-12-08 23:56:48.1827 INFO Updated gate info successfully..42
2020-12-08 23:57:04.1100 INFO Updating Gate Info ..42
2020-12-08 23:57:04.1388 INFO gate info updated successfully..42
2020-12-08 23:57:04.1388 INFO Updated gate info successfully..42
2020-12-08 23:57:12.4622 INFO Editing Project
2020-12-08 23:57:14.2416 INFO Editing Project
2020-12-08 23:57:15.9841 INFO Getting Gate Details
2020-12-08 23:57:15.9941 INFO gate info sucessfully retrieved
