2020-12-07 00:13:23.0203 INFO Creating Project
2020-12-07 00:28:18.3408 INFO Creating Project
2020-12-07 00:30:14.4172 INFO Creating Project
2020-12-07 00:30:43.3810 INFO Creating Project
2020-12-07 00:38:27.6704 INFO Creating User
2020-12-07 00:38:28.5550 ERROR Error Creating UserValidation failed for one or more entities. See 'EntityValidationErrors' property for more details.
2020-12-07 09:32:34.8667 INFO Creating Project
2020-12-07 09:32:37.7177 INFO Editing Project
2020-12-07 09:53:31.3179 INFO Creating Project
2020-12-07 09:56:36.7168 INFO Creating Project
2020-12-07 09:57:10.8660 INFO Creating Project
2020-12-07 09:57:36.1124 INFO Creating Project
2020-12-07 09:59:40.2222 INFO Editing Project
2020-12-07 09:59:50.0283 INFO Creating Project
2020-12-07 10:47:56.7638 INFO Updating Application
2020-12-07 10:47:57.0335 INFO Application Updated Successfully
2020-12-07 10:48:06.1289 INFO Updating Release
2020-12-07 10:48:06.1990 INFO Release Updated Successfully
2020-12-07 10:48:09.1119 INFO Editing Project
2020-12-07 10:52:00.7181 INFO Editing Project
2020-12-07 10:52:25.1221 INFO Editing Project
2020-12-07 10:54:24.1074 INFO Editing Project
2020-12-07 10:54:29.0123 INFO Editing Project
2020-12-07 10:55:10.2890 INFO Editing Project
2020-12-07 10:55:11.9408 INFO Editing Project
2020-12-07 11:13:11.0811 INFO Editing Project
2020-12-07 11:13:13.1619 INFO Editing Project
2020-12-07 11:13:21.0785 INFO Udating Project Info
2020-12-07 11:13:24.2074 INFO Editing Project
2020-12-07 11:13:25.6642 INFO Editing Project
2020-12-07 11:13:28.5643 INFO Editing Project
2020-12-07 11:13:29.7675 INFO Editing Project
2020-12-07 11:13:32.5063 INFO Getting Gate Details
2020-12-07 11:15:19.4172 INFO Editing Project
2020-12-07 11:15:26.5142 INFO Editing Project
2020-12-07 11:15:28.1989 INFO Getting Gate Details
2020-12-07 11:15:40.0490 INFO Updating Project..30
2020-12-07 11:15:40.2287 INFO Project Updated Successfully..30
2020-12-07 11:15:40.2437 INFO Editing Project
2020-12-07 11:15:42.0942 INFO Editing Project
2020-12-07 11:15:44.0800 INFO Getting Gate Details
2020-12-07 21:46:55.0687 INFO Creating Project
2020-12-07 21:47:35.6736 INFO Creating New Project
2020-12-07 21:47:35.9989 INFO Project Created Successfully
2020-12-07 21:47:36.0289 INFO Editing Project
2020-12-07 21:47:39.8306 INFO Editing Project
2020-12-07 21:47:42.2637 INFO Getting Gate Details
2020-12-07 22:13:34.4454 INFO Creating Project
2020-12-07 22:14:22.4728 INFO Creating New Project
2020-12-07 22:14:22.7566 INFO Project Created Successfully
2020-12-07 22:14:22.7666 INFO Editing Project
2020-12-07 22:25:49.5850 INFO Editing Project
2020-12-07 22:26:19.7558 INFO Editing Project
2020-12-07 22:26:22.3519 INFO Editing Project
2020-12-07 23:08:23.5392 INFO Editing Project
2020-12-07 23:08:34.1051 INFO Editing Project
2020-12-07 23:08:57.4835 INFO Editing Project
2020-12-07 23:09:07.4841 INFO Editing Project
